<?xml version="1.0" encoding="UTF-8"?>
<testng-results skipped="0" failed="0" ignored="0" total="1" passed="1">
  <reporter-output>
  </reporter-output>
  <suite name="Default suite" duration-ms="5777" started-at="2018-03-07T20:38:06Z" finished-at="2018-03-07T20:38:12Z">
    <groups>
    </groups>
    <test name="Default test" duration-ms="5777" started-at="2018-03-07T20:38:06Z" finished-at="2018-03-07T20:38:12Z">
      <class name="drivers.demo">
        <test-method status="PASS" signature="open1()[pri:0, instance:drivers.demo@7f9a81e8]" name="open1" duration-ms="5752" started-at="2018-03-08T02:08:06Z" finished-at="2018-03-08T02:08:12Z">
          <reporter-output>
          </reporter-output>
        </test-method> <!-- open1 -->
      </class> <!-- drivers.demo -->
    </test> <!-- Default test -->
  </suite> <!-- Default suite -->
</testng-results>
